<?xml version="1.0" encoding="UTF-8"?>
<persistence xmlns="https://jakarta.ee/xml/ns/persistence"
             xmlns:xsi="http://www.w3.org/2001/XMLSchema-instance"
             xsi:schemaLocation="https://jakarta.ee/xml/ns/persistence
                                 https://jakarta.ee/xml/ns/persistence/persistence_3_0.xsd"
             version="3.0">

    <persistence-unit name="CocktailPU-Test" transaction-type="RESOURCE_LOCAL">

        <provider>org.hibernate.jpa.HibernatePersistenceProvider</provider>

        <class>com.example.cocktails.entity.Cocktail</class>
        <class>com.example.cocktails.entity.Ingredient</class>
        <class>com.example.cocktails.entity.Instruction</class>

        <properties>
            <!-- H2 In-Memory-Datenbank -->
            <property name="jakarta.persistence.jdbc.driver" value="org.h2.Driver"/>
            <property name="jakarta.persistence.jdbc.url" value="jdbc:h2:mem:testdb;DB_CLOSE_DELAY=-1"/>
            <property name="jakarta.persistence.jdbc.user" value="sa"/>
            <property name="jakarta.persistence.jdbc.password" value=""/>

            <!-- Properties for Hibernate -->
            <property name="hibernate.show_sql" value="true" />
            <property name="hibernate.hbm2ddl.auto" value="update"/>

        </properties>
    </persistence-unit>
</persistence>